TN:
SF:src\app.js
FN:10,(anonymous_0)
FNF:1
FNH:0
FNDA:0,(anonymous_0)
DA:2,1
DA:3,1
DA:5,1
DA:6,1
DA:7,1
DA:10,1
DA:13,1
DA:14,1
DA:15,1
DA:16,1
DA:17,1
DA:18,1
DA:19,1
DA:20,1
DA:21,1
DA:23,1
LF:16
LH:16
BRF:0
BRH:0
end_of_record
TN:
SF:src\config\db.js
FN:5,getPool
FNF:1
FNH:0
FNDA:0,getPool
DA:1,1
DA:6,0
DA:8,0
DA:20,0
DA:23,1
LF:5
LH:2
BRDA:6,0,0,0
BRDA:6,0,1,0
BRF:2
BRH:0
end_of_record
TN:
SF:src\middlewares\auth.middleware.js
FN:3,authRequired
FN:18,requireRole
FN:19,(anonymous_2)
FNF:3
FNH:1
FNDA:0,authRequired
FNDA:22,requireRole
FNDA:0,(anonymous_2)
DA:1,1
DA:4,0
DA:5,0
DA:7,0
DA:9,0
DA:10,0
DA:11,0
DA:12,0
DA:14,0
DA:19,22
DA:20,0
DA:21,0
DA:23,0
DA:27,1
LF:14
LH:3
BRDA:4,0,0,0
BRDA:4,0,1,0
BRDA:5,1,0,0
BRDA:5,1,1,0
BRDA:7,2,0,0
BRDA:7,2,1,0
BRDA:10,3,0,0
BRDA:10,3,1,0
BRDA:18,4,0,0
BRDA:20,5,0,0
BRDA:20,5,1,0
BRDA:20,6,0,0
BRDA:20,6,1,0
BRF:13
BRH:0
end_of_record
TN:
SF:src\modules\auth\auth.controller.js
FN:5,register
FN:14,loginUser
FN:24,registerStaff
FNF:3
FNH:1
FNDA:0,register
FNDA:3,loginUser
FNDA:0,registerStaff
DA:1,1
DA:2,1
DA:3,1
DA:6,0
DA:7,0
DA:8,0
DA:10,0
DA:15,3
DA:16,3
DA:17,3
DA:18,1
DA:20,2
DA:25,0
DA:26,0
DA:28,0
DA:29,0
DA:31,0
DA:32,0
DA:35,0
DA:36,0
DA:38,0
DA:44,0
DA:45,0
DA:49,0
DA:50,0
DA:56,0
DA:58,0
DA:62,1
LF:28
LH:9
BRDA:16,0,0,3
BRDA:16,0,1,0
BRDA:26,1,0,0
BRDA:26,1,1,0
BRDA:28,2,0,0
BRDA:28,2,1,0
BRDA:31,3,0,0
BRDA:31,3,1,0
BRDA:31,4,0,0
BRDA:31,4,1,0
BRDA:31,4,2,0
BRDA:44,5,0,0
BRDA:44,5,1,0
BRDA:47,6,0,0
BRDA:47,6,1,0
BRDA:47,7,0,0
BRDA:47,7,1,0
BRDA:49,8,0,0
BRDA:49,8,1,0
BRDA:52,9,0,0
BRDA:52,9,1,0
BRDA:52,10,0,0
BRDA:52,10,1,0
BRF:23
BRH:1
end_of_record
TN:
SF:src\modules\auth\auth.routes.js
FNF:0
FNH:0
DA:1,1
DA:2,1
DA:4,1
DA:5,1
DA:7,1
DA:9,1
DA:11,1
DA:18,1
LF:8
LH:8
BRF:0
BRH:0
end_of_record
TN:
SF:src\modules\citas\citas.controller.js
FN:4,crear
FN:11,listar
FN:18,detalle
FN:25,actualizar
FN:32,confirmar
FN:39,cancelar
FN:46,atender
FNF:7
FNH:0
FNDA:0,crear
FNDA:0,listar
FNDA:0,detalle
FNDA:0,actualizar
FNDA:0,confirmar
FNDA:0,cancelar
FNDA:0,atender
DA:1,1
DA:2,1
DA:5,0
DA:6,0
DA:7,0
DA:8,0
DA:12,0
DA:13,0
DA:14,0
DA:15,0
DA:19,0
DA:20,0
DA:21,0
DA:22,0
DA:26,0
DA:27,0
DA:28,0
DA:29,0
DA:33,0
DA:34,0
DA:35,0
DA:36,0
DA:40,0
DA:41,0
DA:42,0
DA:43,0
DA:47,0
DA:48,0
DA:49,0
DA:50,0
DA:51,0
DA:53,0
DA:54,0
DA:57,0
DA:61,1
LF:35
LH:3
BRF:0
BRH:0
end_of_record
TN:
SF:src\modules\citas\citas.routes.js
FN:15,(anonymous_0)
FNF:1
FNH:0
FNDA:0,(anonymous_0)
DA:1,1
DA:2,1
DA:3,1
DA:4,1
DA:6,1
DA:8,1
DA:13,1
DA:16,0
DA:17,0
DA:18,0
DA:19,0
DA:20,0
DA:21,0
DA:23,0
DA:27,1
DA:28,1
DA:29,1
DA:30,1
DA:31,1
DA:32,1
DA:33,1
DA:35,1
LF:22
LH:15
BRDA:16,0,0,0
BRDA:16,0,1,0
BRDA:17,1,0,0
BRDA:17,1,1,0
BRDA:18,2,0,0
BRDA:18,2,1,0
BRDA:19,3,0,0
BRDA:19,3,1,0
BRF:8
BRH:0
end_of_record
TN:
SF:src\modules\citas\citas.service.js
FN:3,getDuenoIdByUserId
FN:10,getVeterinarioIdByUserId
FN:17,assertMascotaIsMine
FN:31,crearCita
FN:63,listarCitas
FN:119,detalleCita
FN:150,actualizarCita
FN:203,cambiarEstado
FN:224,confirmarCita
FN:229,cancelarCita
FN:234,atenderCita
FNF:11
FNH:0
FNDA:0,getDuenoIdByUserId
FNDA:0,getVeterinarioIdByUserId
FNDA:0,assertMascotaIsMine
FNDA:0,crearCita
FNDA:0,listarCitas
FNDA:0,detalleCita
FNDA:0,actualizarCita
FNDA:0,cambiarEstado
FNDA:0,confirmarCita
FNDA:0,cancelarCita
FNDA:0,atenderCita
DA:1,1
DA:4,0
DA:5,0
DA:6,0
DA:7,0
DA:11,0
DA:12,0
DA:13,0
DA:14,0
DA:18,0
DA:19,0
DA:20,0
DA:24,0
DA:32,0
DA:33,0
DA:35,0
DA:37,0
DA:38,0
DA:39,0
DA:41,0
DA:43,0
DA:44,0
DA:45,0
DA:47,0
DA:52,0
DA:54,0
DA:60,0
DA:64,0
DA:66,0
DA:67,0
DA:68,0
DA:78,0
DA:81,0
DA:82,0
DA:83,0
DA:102,0
DA:105,0
DA:116,0
DA:120,0
DA:121,0
DA:136,0
DA:137,0
DA:139,0
DA:140,0
DA:141,0
DA:142,0
DA:143,0
DA:144,0
DA:147,0
DA:151,0
DA:152,0
DA:153,0
DA:155,0
DA:156,0
DA:159,0
DA:160,0
DA:161,0
DA:162,0
DA:164,0
DA:165,0
DA:166,0
DA:170,0
DA:171,0
DA:177,0
DA:180,0
DA:186,0
DA:188,0
DA:189,0
DA:190,0
DA:193,0
DA:194,0
DA:196,0
DA:198,0
DA:199,0
DA:204,0
DA:206,0
DA:207,0
DA:208,0
DA:209,0
DA:211,0
DA:221,0
DA:225,0
DA:226,0
DA:230,0
DA:231,0
DA:235,0
DA:236,0
DA:237,0
DA:238,0
DA:240,0
DA:241,0
DA:244,1
LF:92
LH:2
BRDA:6,0,0,0
BRDA:6,0,1,0
BRDA:13,1,0,0
BRDA:13,1,1,0
BRDA:24,2,0,0
BRDA:24,2,1,0
BRDA:35,3,0,0
BRDA:35,3,1,0
BRDA:38,4,0,0
BRDA:38,4,1,0
BRDA:38,5,0,0
BRDA:38,5,1,0
BRDA:41,6,0,0
BRDA:41,6,1,0
BRDA:44,7,0,0
BRDA:44,7,1,0
BRDA:52,8,0,0
BRDA:52,8,1,0
BRDA:57,9,0,0
BRDA:57,9,1,0
BRDA:66,10,0,0
BRDA:66,10,1,0
BRDA:81,11,0,0
BRDA:81,11,1,0
BRDA:136,12,0,0
BRDA:136,12,1,0
BRDA:139,13,0,0
BRDA:139,13,1,0
BRDA:141,14,0,0
BRDA:141,14,1,0
BRDA:142,15,0,0
BRDA:142,15,1,0
BRDA:144,16,0,0
BRDA:144,16,1,0
BRDA:152,17,0,0
BRDA:152,17,1,0
BRDA:155,18,0,0
BRDA:155,18,1,0
BRDA:155,19,0,0
BRDA:155,19,1,0
BRDA:159,20,0,0
BRDA:159,20,1,0
BRDA:160,21,0,0
BRDA:160,21,1,0
BRDA:162,22,0,0
BRDA:162,22,1,0
BRDA:164,23,0,0
BRDA:164,23,1,0
BRDA:166,24,0,0
BRDA:166,24,1,0
BRDA:170,25,0,0
BRDA:170,25,1,0
BRDA:177,26,0,0
BRDA:177,26,1,0
BRDA:186,27,0,0
BRDA:186,27,1,0
BRDA:186,28,0,0
BRDA:186,28,1,0
BRDA:186,29,0,0
BRDA:186,29,1,0
BRDA:188,30,0,0
BRDA:188,30,1,0
BRDA:188,31,0,0
BRDA:188,31,1,0
BRDA:203,32,0,0
BRDA:207,33,0,0
BRDA:207,33,1,0
BRDA:208,34,0,0
BRDA:208,34,1,0
BRDA:209,35,0,0
BRDA:209,35,1,0
BRDA:231,36,0,0
BRDA:231,36,1,0
BRDA:236,37,0,0
BRDA:236,37,1,0
BRDA:238,38,0,0
BRDA:238,38,1,0
BRF:77
BRH:0
end_of_record
TN:
SF:src\modules\duenos\duenos.controller.js
FN:4,me
FN:12,updateMe
FN:20,list
FN:25,getOne
FN:30,createForUser
FN:37,updateById
FNF:6
FNH:0
FNDA:0,me
FNDA:0,updateMe
FNDA:0,list
FNDA:0,getOne
FNDA:0,createForUser
FNDA:0,updateById
DA:1,1
DA:5,0
DA:6,0
DA:7,0
DA:8,0
DA:13,0
DA:14,0
DA:15,0
DA:16,0
DA:21,0
DA:22,0
DA:26,0
DA:27,0
DA:31,0
DA:32,0
DA:33,0
DA:34,0
DA:38,0
DA:39,0
DA:40,0
DA:41,0
DA:44,1
LF:22
LH:2
BRDA:14,0,0,0
BRDA:14,0,1,0
BRDA:32,1,0,0
BRDA:32,1,1,0
BRDA:39,2,0,0
BRDA:39,2,1,0
BRF:6
BRH:0
end_of_record
TN:
SF:src\modules\duenos\duenos.routes.js
FNF:0
FNH:0
DA:1,1
DA:2,1
DA:3,1
DA:4,1
DA:6,1
DA:9,1
DA:10,1
DA:12,1
DA:17,1
DA:22,1
DA:27,1
DA:32,1
LF:12
LH:12
BRF:0
BRH:0
end_of_record
TN:
SF:src\modules\duenos\duenos.service.js
FN:4,getMyProfile
FN:18,updateMyProfile
FN:35,listAll
FN:47,getById
FN:61,createForExistingUser
FN:78,updateById
FNF:6
FNH:0
FNDA:0,getMyProfile
FNDA:0,updateMyProfile
FNDA:0,listAll
FNDA:0,getById
FNDA:0,createForExistingUser
FNDA:0,updateById
DA:1,1
DA:5,0
DA:6,0
DA:14,0
DA:15,0
DA:19,0
DA:20,0
DA:29,0
DA:30,0
DA:36,0
DA:37,0
DA:44,0
DA:48,0
DA:49,0
DA:57,0
DA:58,0
DA:62,0
DA:63,0
DA:64,0
DA:65,0
DA:67,0
DA:68,0
DA:70,0
DA:75,0
DA:79,0
DA:80,0
DA:89,0
DA:90,0
DA:93,1
LF:29
LH:2
BRDA:14,0,0,0
BRDA:14,0,1,0
BRDA:27,1,0,0
BRDA:27,1,1,0
BRDA:27,2,0,0
BRDA:27,2,1,0
BRDA:27,3,0,0
BRDA:27,3,1,0
BRDA:27,4,0,0
BRDA:27,4,1,0
BRDA:29,5,0,0
BRDA:29,5,1,0
BRDA:57,6,0,0
BRDA:57,6,1,0
BRDA:64,7,0,0
BRDA:64,7,1,0
BRDA:65,8,0,0
BRDA:65,8,1,0
BRDA:68,9,0,0
BRDA:68,9,1,0
BRDA:73,10,0,0
BRDA:73,10,1,0
BRDA:73,11,0,0
BRDA:73,11,1,0
BRDA:73,12,0,0
BRDA:73,12,1,0
BRDA:73,13,0,0
BRDA:73,13,1,0
BRDA:87,14,0,0
BRDA:87,14,1,0
BRDA:87,15,0,0
BRDA:87,15,1,0
BRDA:87,16,0,0
BRDA:87,16,1,0
BRDA:87,17,0,0
BRDA:87,17,1,0
BRDA:89,18,0,0
BRDA:89,18,1,0
BRF:38
BRH:0
end_of_record
TN:
SF:src\modules\facturas\facturas.routes.js
FN:6,(anonymous_0)
FN:12,(anonymous_1)
FN:26,(anonymous_2)
FN:40,(anonymous_3)
FN:53,(anonymous_4)
FN:66,(anonymous_5)
FN:84,(anonymous_6)
FN:101,(anonymous_7)
FNF:8
FNH:0
FNDA:0,(anonymous_0)
FNDA:0,(anonymous_1)
FNDA:0,(anonymous_2)
FNDA:0,(anonymous_3)
FNDA:0,(anonymous_4)
FNDA:0,(anonymous_5)
FNDA:0,(anonymous_6)
FNDA:0,(anonymous_7)
DA:1,1
DA:2,1
DA:3,1
DA:4,1
DA:6,1
DA:8,1
DA:13,0
DA:14,0
DA:15,0
DA:17,0
DA:22,1
DA:27,0
DA:28,0
DA:29,0
DA:31,0
DA:36,1
DA:41,0
DA:42,0
DA:43,0
DA:45,0
DA:50,1
DA:54,0
DA:55,0
DA:56,0
DA:58,0
DA:63,1
DA:67,0
DA:68,0
DA:73,0
DA:75,0
DA:80,1
DA:85,0
DA:86,0
DA:90,0
DA:92,0
DA:97,1
DA:102,0
DA:103,0
DA:107,0
DA:109,0
DA:114,1
LF:41
LH:13
BRDA:88,0,0,0
BRDA:88,0,1,0
BRF:2
BRH:0
end_of_record
TN:
SF:src\modules\facturas\facturas.service.js
FN:3,getDuenoIdByMascota
FN:10,toNumberEnv
FN:15,crearFactura
FN:53,crearFacturaPorCita
FN:82,crearFacturaPorOrdenValidada
FN:122,listarFacturas
FN:138,detalleFactura
FN:153,pagarFactura
FN:162,anularFactura
FNF:9
FNH:0
FNDA:0,getDuenoIdByMascota
FNDA:0,toNumberEnv
FNDA:0,crearFactura
FNDA:0,crearFacturaPorCita
FNDA:0,crearFacturaPorOrdenValidada
FNDA:0,listarFacturas
FNDA:0,detalleFactura
FNDA:0,pagarFactura
FNDA:0,anularFactura
DA:1,1
DA:4,0
DA:5,0
DA:6,0
DA:7,0
DA:11,0
DA:12,0
DA:16,0
DA:17,0
DA:18,0
DA:19,0
DA:21,0
DA:26,0
DA:28,0
DA:29,0
DA:30,0
DA:31,0
DA:32,0
DA:33,0
DA:35,0
DA:42,0
DA:43,0
DA:44,0
DA:46,0
DA:47,0
DA:49,0
DA:54,0
DA:55,0
DA:62,0
DA:63,0
DA:64,0
DA:66,0
DA:68,0
DA:83,0
DA:86,0
DA:95,0
DA:96,0
DA:97,0
DA:99,0
DA:102,0
DA:103,0
DA:104,0
DA:106,0
DA:108,0
DA:123,0
DA:124,0
DA:125,0
DA:126,0
DA:127,0
DA:128,0
DA:132,0
DA:134,0
DA:135,0
DA:139,0
DA:140,0
DA:141,0
DA:142,0
DA:144,0
DA:145,0
DA:146,0
DA:149,0
DA:150,0
DA:154,0
DA:155,0
DA:159,0
DA:163,0
DA:164,0
DA:168,0
DA:171,1
LF:69
LH:2
BRDA:6,0,0,0
BRDA:6,0,1,0
BRDA:12,1,0,0
BRDA:12,1,1,0
BRDA:15,2,0,0
BRDA:15,3,0,0
BRDA:15,4,0,0
BRDA:15,5,0,0
BRDA:15,6,0,0
BRDA:30,7,0,0
BRDA:30,7,1,0
BRDA:31,8,0,0
BRDA:31,8,1,0
BRDA:62,9,0,0
BRDA:62,9,1,0
BRDA:64,10,0,0
BRDA:64,10,1,0
BRDA:95,11,0,0
BRDA:95,11,1,0
BRDA:97,12,0,0
BRDA:97,12,1,0
BRDA:104,13,0,0
BRDA:104,13,1,0
BRDA:104,14,0,0
BRDA:104,14,1,0
BRDA:124,15,0,0
BRDA:124,15,1,0
BRDA:126,16,0,0
BRDA:126,16,1,0
BRDA:141,17,0,0
BRDA:141,17,1,0
BRDA:144,18,0,0
BRDA:144,18,1,0
BRDA:146,19,0,0
BRDA:146,19,1,0
BRDA:146,20,0,0
BRDA:146,20,1,0
BRDA:157,21,0,0
BRDA:157,21,1,0
BRDA:166,22,0,0
BRDA:166,22,1,0
BRF:41
BRH:0
end_of_record
TN:
SF:src\modules\historial\historial.controller.js
FN:3,crear
FN:12,listarPorMascota
FN:21,obtener
FN:30,actualizar
FN:39,existePorCita
FNF:5
FNH:0
FNDA:0,crear
FNDA:0,listarPorMascota
FNDA:0,obtener
FNDA:0,actualizar
FNDA:0,existePorCita
DA:1,1
DA:4,0
DA:5,0
DA:6,0
DA:8,0
DA:13,0
DA:14,0
DA:15,0
DA:17,0
DA:22,0
DA:23,0
DA:24,0
DA:26,0
DA:31,0
DA:32,0
DA:33,0
DA:35,0
DA:40,0
DA:41,0
DA:42,0
DA:44,0
DA:47,1
LF:22
LH:2
BRF:0
BRH:0
end_of_record
TN:
SF:src\modules\historial\historial.routes.js
FNF:0
FNH:0
DA:1,1
DA:2,1
DA:4,1
DA:6,1
DA:8,1
DA:9,1
DA:10,1
DA:11,1
DA:12,1
DA:14,1
LF:10
LH:10
BRF:0
BRH:0
end_of_record
TN:
SF:src\modules\historial\historial.service.js
FN:3,getVeterinarioIdByUserId
FN:10,crearHistorial
FN:58,listarHistorialPorMascota
FN:83,obtenerHistorial
FN:107,actualizarHistorial
FN:156,existeHistorialPorCita
FNF:6
FNH:0
FNDA:0,getVeterinarioIdByUserId
FNDA:0,crearHistorial
FNDA:0,listarHistorialPorMascota
FNDA:0,obtenerHistorial
FNDA:0,actualizarHistorial
FNDA:0,existeHistorialPorCita
DA:1,1
DA:4,0
DA:5,0
DA:6,0
DA:7,0
DA:11,0
DA:12,0
DA:25,0
DA:27,0
DA:32,0
DA:33,0
DA:35,0
DA:55,0
DA:59,0
DA:60,0
DA:62,0
DA:80,0
DA:84,0
DA:86,0
DA:103,0
DA:104,0
DA:108,0
DA:109,0
DA:111,0
DA:116,0
DA:127,0
DA:129,0
DA:153,0
DA:157,0
DA:158,0
DA:159,0
DA:161,1
LF:32
LH:2
BRDA:6,0,0,0
BRDA:6,0,1,0
BRDA:32,1,0,0
BRDA:32,1,1,0
BRDA:33,2,0,0
BRDA:33,2,1,0
BRDA:45,3,0,0
BRDA:45,3,1,0
BRDA:46,4,0,0
BRDA:46,4,1,0
BRDA:47,5,0,0
BRDA:47,5,1,0
BRDA:48,6,0,0
BRDA:48,6,1,0
BRDA:49,7,0,0
BRDA:49,7,1,0
BRDA:50,8,0,0
BRDA:50,8,1,0
BRDA:51,9,0,0
BRDA:51,9,1,0
BRDA:103,10,0,0
BRDA:103,10,1,0
BRDA:116,11,0,0
BRDA:116,11,1,0
BRDA:141,12,0,0
BRDA:141,12,1,0
BRDA:142,13,0,0
BRDA:142,13,1,0
BRDA:143,14,0,0
BRDA:143,14,1,0
BRDA:144,15,0,0
BRDA:144,15,1,0
BRDA:145,16,0,0
BRDA:145,16,1,0
BRDA:146,17,0,0
BRDA:146,17,1,0
BRDA:147,18,0,0
BRDA:147,18,1,0
BRDA:148,19,0,0
BRDA:148,19,1,0
BRF:40
BRH:0
end_of_record
TN:
SF:src\modules\lab\lab.controller.js
FN:9,isStaff
FN:16,crearOrden
FN:30,tomaMuestra
FN:52,registrarResultado
FN:83,validar
FN:139,detalle
FN:151,listar
FN:166,informe
FN:181,validarQR
FNF:9
FNH:0
FNDA:0,isStaff
FNDA:0,crearOrden
FNDA:0,tomaMuestra
FNDA:0,registrarResultado
FNDA:0,validar
FNDA:0,detalle
FNDA:0,listar
FNDA:0,informe
FNDA:0,validarQR
DA:1,1
DA:2,1
DA:3,1
DA:4,1
DA:5,1
DA:6,1
DA:7,1
DA:10,0
DA:17,0
DA:18,0
DA:19,0
DA:20,0
DA:21,0
DA:23,0
DA:31,0
DA:32,0
DA:33,0
DA:36,0
DA:38,0
DA:39,0
DA:42,0
DA:43,0
DA:45,0
DA:53,0
DA:54,0
DA:55,0
DA:58,0
DA:60,0
DA:61,0
DA:62,0
DA:63,0
DA:68,0
DA:71,0
DA:74,0
DA:76,0
DA:84,0
DA:85,0
DA:86,0
DA:89,0
DA:90,0
DA:92,0
DA:93,0
DA:95,0
DA:96,0
DA:97,0
DA:98,0
DA:100,0
DA:101,0
DA:104,0
DA:105,0
DA:106,0
DA:107,0
DA:108,0
DA:109,0
DA:115,0
DA:127,0
DA:130,0
DA:132,0
DA:140,0
DA:141,0
DA:142,0
DA:143,0
DA:145,0
DA:147,0
DA:152,0
DA:153,0
DA:157,0
DA:159,0
DA:167,0
DA:168,0
DA:169,0
DA:171,0
DA:172,0
DA:175,0
DA:177,0
DA:182,0
DA:183,0
DA:184,0
DA:186,0
DA:187,0
DA:189,0
DA:193,1
LF:82
LH:8
BRDA:19,0,0,0
BRDA:19,0,1,0
BRDA:32,1,0,0
BRDA:32,1,1,0
BRDA:38,2,0,0
BRDA:38,2,1,0
BRDA:38,3,0,0
BRDA:38,3,1,0
BRDA:54,4,0,0
BRDA:54,4,1,0
BRDA:62,5,0,0
BRDA:62,5,1,0
BRDA:85,6,0,0
BRDA:85,6,1,0
BRDA:106,7,0,0
BRDA:106,7,1,0
BRDA:142,8,0,0
BRDA:142,8,1,0
BRDA:153,9,0,0
BRDA:153,9,1,0
BRDA:171,10,0,0
BRDA:171,10,1,0
BRDA:184,11,0,0
BRDA:184,11,1,0
BRDA:184,12,0,0
BRDA:184,12,1,0
BRF:26
BRH:0
end_of_record
TN:
SF:src\modules\lab\lab.routes.js
FNF:0
FNH:0
DA:1,1
DA:2,1
DA:3,1
DA:4,1
DA:6,1
DA:9,1
DA:12,1
DA:15,1
DA:18,1
DA:21,1
DA:22,1
DA:25,1
DA:28,1
DA:30,1
LF:14
LH:14
BRF:0
BRH:0
end_of_record
TN:
SF:src\modules\lab\lab.service.js
FN:3,getDuenoIdByUserId
FN:13,assertMascotaIsMine
FN:24,crearOrden
FN:38,registrarToma
FN:56,registrarResultado
FN:72,validarResultado
FN:89,detalleOrden
FN:102,listarOrdenesDueno
FN:116,listarOrdenesAdmin
FN:129,getDataForReport
FN:196,getTecnicoIdByUserId
FN:203,getVeterinarioIdByUserId
FNF:12
FNH:0
FNDA:0,getDuenoIdByUserId
FNDA:0,assertMascotaIsMine
FNDA:0,crearOrden
FNDA:0,registrarToma
FNDA:0,registrarResultado
FNDA:0,validarResultado
FNDA:0,detalleOrden
FNDA:0,listarOrdenesDueno
FNDA:0,listarOrdenesAdmin
FNDA:0,getDataForReport
FNDA:0,getTecnicoIdByUserId
FNDA:0,getVeterinarioIdByUserId
DA:1,1
DA:4,0
DA:5,0
DA:9,0
DA:10,0
DA:14,0
DA:15,0
DA:16,0
DA:20,0
DA:25,0
DA:26,0
DA:28,0
DA:29,0
DA:34,0
DA:39,0
DA:41,0
DA:42,0
DA:43,0
DA:45,0
DA:51,0
DA:52,0
DA:57,0
DA:58,0
DA:59,0
DA:61,0
DA:67,0
DA:68,0
DA:73,0
DA:74,0
DA:78,0
DA:80,0
DA:84,0
DA:85,0
DA:90,0
DA:91,0
DA:98,0
DA:99,0
DA:103,0
DA:104,0
DA:105,0
DA:113,0
DA:117,0
DA:118,0
DA:125,0
DA:130,0
DA:132,0
DA:145,0
DA:146,0
DA:148,0
DA:152,0
DA:154,0
DA:155,0
DA:156,0
DA:165,0
DA:168,0
DA:197,0
DA:198,0
DA:199,0
DA:200,0
DA:204,0
DA:205,0
DA:206,0
DA:207,0
DA:211,1
LF:64
LH:2
BRDA:9,0,0,0
BRDA:9,0,1,0
BRDA:20,1,0,0
BRDA:20,1,1,0
BRDA:26,2,0,0
BRDA:26,2,1,0
BRDA:32,3,0,0
BRDA:32,3,1,0
BRDA:32,4,0,0
BRDA:32,4,1,0
BRDA:42,5,0,0
BRDA:42,5,1,0
BRDA:43,6,0,0
BRDA:43,6,1,0
BRDA:48,7,0,0
BRDA:48,7,1,0
BRDA:48,8,0,0
BRDA:48,8,1,0
BRDA:59,9,0,0
BRDA:59,9,1,0
BRDA:64,10,0,0
BRDA:64,10,1,0
BRDA:64,11,0,0
BRDA:64,11,1,0
BRDA:64,12,0,0
BRDA:64,12,1,0
BRDA:78,13,0,0
BRDA:78,13,1,0
BRDA:98,14,0,0
BRDA:98,14,1,0
BRDA:145,15,0,0
BRDA:145,15,1,0
BRDA:152,16,0,0
BRDA:152,16,1,0
BRDA:155,17,0,0
BRDA:155,17,1,0
BRDA:155,18,0,0
BRDA:155,18,1,0
BRDA:165,19,0,0
BRDA:165,19,1,0
BRDA:199,20,0,0
BRDA:199,20,1,0
BRDA:206,21,0,0
BRDA:206,21,1,0
BRF:44
BRH:0
end_of_record
TN:
SF:src\modules\mascotas\mascotas.controller.js
FN:3,create
FN:12,listMine
FN:21,getOne
FN:30,update
FN:39,remove
FNF:5
FNH:0
FNDA:0,create
FNDA:0,listMine
FNDA:0,getOne
FNDA:0,update
FNDA:0,remove
DA:1,1
DA:4,0
DA:5,0
DA:6,0
DA:8,0
DA:13,0
DA:14,0
DA:15,0
DA:17,0
DA:22,0
DA:23,0
DA:24,0
DA:26,0
DA:31,0
DA:32,0
DA:33,0
DA:35,0
DA:40,0
DA:41,0
DA:42,0
DA:44,0
DA:48,1
LF:22
LH:2
BRF:0
BRH:0
end_of_record
TN:
SF:src\modules\mascotas\mascotas.routes.js
FNF:0
FNH:0
DA:1,1
DA:2,1
DA:3,1
DA:4,1
DA:6,1
DA:8,1
DA:9,1
DA:10,1
DA:11,1
DA:12,1
DA:14,1
LF:11
LH:11
BRF:0
BRH:0
end_of_record
TN:
SF:src\modules\mascotas\mascotas.service.js
FN:3,getDuenoIdByUserId
FN:13,createMascota
FN:27,listMascotasByOwner
FN:40,getMascotaById
FN:53,updateMascota
FN:68,deleteMascota
FNF:6
FNH:0
FNDA:0,getDuenoIdByUserId
FNDA:0,createMascota
FNDA:0,listMascotasByOwner
FNDA:0,getMascotaById
FNDA:0,updateMascota
FNDA:0,deleteMascota
DA:1,1
DA:4,0
DA:5,0
DA:9,0
DA:10,0
DA:14,0
DA:15,0
DA:17,0
DA:18,0
DA:24,0
DA:28,0
DA:29,0
DA:30,0
DA:37,0
DA:41,0
DA:42,0
DA:43,0
DA:49,0
DA:50,0
DA:54,0
DA:55,0
DA:57,0
DA:58,0
DA:64,0
DA:65,0
DA:69,0
DA:70,0
DA:71,0
DA:75,0
DA:76,0
DA:79,1
LF:31
LH:2
BRDA:9,0,0,0
BRDA:9,0,1,0
BRDA:22,1,0,0
BRDA:22,1,1,0
BRDA:22,2,0,0
BRDA:22,2,1,0
BRDA:22,3,0,0
BRDA:22,3,1,0
BRDA:22,4,0,0
BRDA:22,4,1,0
BRDA:22,5,0,0
BRDA:22,5,1,0
BRDA:49,6,0,0
BRDA:49,6,1,0
BRDA:62,7,0,0
BRDA:62,7,1,0
BRDA:62,8,0,0
BRDA:62,8,1,0
BRDA:62,9,0,0
BRDA:62,9,1,0
BRDA:62,10,0,0
BRDA:62,10,1,0
BRDA:62,11,0,0
BRDA:62,11,1,0
BRDA:64,12,0,0
BRDA:64,12,1,0
BRDA:75,13,0,0
BRDA:75,13,1,0
BRF:28
BRH:0
end_of_record
TN:
SF:src\modules\reportes\reportes.controller.js
FN:3,getIngresos
FN:13,getCitasStats
FN:23,getTopServicios
FN:34,getVentasExamen
FNF:4
FNH:0
FNDA:0,getIngresos
FNDA:0,getCitasStats
FNDA:0,getTopServicios
FNDA:0,getVentasExamen
DA:1,1
DA:4,0
DA:5,0
DA:9,0
DA:10,0
DA:14,0
DA:15,0
DA:19,0
DA:20,0
DA:24,0
DA:25,0
DA:30,0
DA:31,0
DA:35,0
DA:36,0
DA:40,0
DA:41,0
DA:44,1
LF:18
LH:2
BRF:0
BRH:0
end_of_record
TN:
SF:src\modules\reportes\reportes.routes.js
FNF:0
FNH:0
DA:1,1
DA:2,1
DA:3,1
DA:4,1
DA:6,1
DA:7,1
DA:8,1
DA:9,1
DA:10,1
DA:12,1
LF:10
LH:10
BRF:0
BRH:0
end_of_record
TN:
SF:src\modules\reportes\reportes.service.js
FN:3,rangeDefaults
FN:20,ingresosMensuales
FN:38,citasStats
FN:52,(anonymous_3)
FN:53,(anonymous_4)
FN:55,(anonymous_5)
FN:80,topServicios
FN:99,ventasPorExamen
FNF:8
FNH:0
FNDA:0,rangeDefaults
FNDA:0,ingresosMensuales
FNDA:0,citasStats
FNDA:0,(anonymous_3)
FNDA:0,(anonymous_4)
FNDA:0,(anonymous_5)
FNDA:0,topServicios
FNDA:0,ventasPorExamen
DA:1,1
DA:4,0
DA:5,0
DA:7,0
DA:8,0
DA:10,0
DA:11,0
DA:12,0
DA:13,0
DA:15,0
DA:16,0
DA:17,0
DA:21,0
DA:22,0
DA:23,0
DA:35,0
DA:39,0
DA:40,0
DA:42,0
DA:52,0
DA:53,0
DA:55,0
DA:56,0
DA:57,0
DA:59,0
DA:68,0
DA:70,0
DA:81,0
DA:82,0
DA:83,0
DA:84,0
DA:96,0
DA:100,0
DA:101,0
DA:102,0
DA:117,0
DA:120,1
LF:37
LH:2
BRDA:5,0,0,0
BRDA:5,0,1,0
BRDA:7,1,0,0
BRDA:7,1,1,0
BRDA:7,2,0,0
BRDA:7,2,1,0
BRDA:53,3,0,0
BRDA:53,3,1,0
BRDA:68,4,0,0
BRDA:68,4,1,0
BRDA:74,5,0,0
BRDA:74,5,1,0
BRDA:75,6,0,0
BRDA:75,6,1,0
BRDA:82,7,0,0
BRDA:82,7,1,0
BRF:16
BRH:0
end_of_record
TN:
SF:src\modules\staff\staff.controller.js
FN:3,me
FN:24,updateMe
FN:40,listVeterinarios
FN:50,listTecnicos
FN:60,listRecepcionistas
FN:70,listAdmins
FN:80,listVeterinariosPublic
FNF:7
FNH:0
FNDA:0,me
FNDA:0,updateMe
FNDA:0,listVeterinarios
FNDA:0,listTecnicos
FNDA:0,listRecepcionistas
FNDA:0,listAdmins
FNDA:0,listVeterinariosPublic
DA:1,1
DA:4,0
DA:5,0
DA:6,0
DA:11,0
DA:13,0
DA:14,0
DA:19,0
DA:21,0
DA:25,0
DA:26,0
DA:27,0
DA:28,0
DA:30,0
DA:32,0
DA:33,0
DA:35,0
DA:37,0
DA:41,0
DA:42,0
DA:47,0
DA:51,0
DA:52,0
DA:57,0
DA:61,0
DA:62,0
DA:67,0
DA:71,0
DA:72,0
DA:77,0
DA:81,0
DA:82,0
DA:88,0
DA:92,1
LF:34
LH:2
BRDA:5,0,0,0
BRDA:5,0,1,0
BRDA:11,1,0,0
BRDA:11,1,1,0
BRDA:13,2,0,0
BRDA:13,2,1,0
BRDA:19,3,0,0
BRDA:19,3,1,0
BRDA:26,4,0,0
BRDA:26,4,1,0
BRDA:27,5,0,0
BRDA:27,5,1,0
BRDA:29,6,0,0
BRDA:29,6,1,0
BRDA:29,7,0,0
BRDA:29,7,1,0
BRDA:32,8,0,0
BRDA:32,8,1,0
BRDA:34,9,0,0
BRDA:34,9,1,0
BRDA:34,10,0,0
BRDA:34,10,1,0
BRF:22
BRH:0
end_of_record
TN:
SF:src\modules\staff\staff.routes.js
FNF:0
FNH:0
DA:1,1
DA:2,1
DA:3,1
DA:4,1
DA:6,1
DA:9,1
DA:10,1
DA:13,1
DA:14,1
DA:15,1
DA:16,1
DA:17,1
DA:19,1
LF:13
LH:13
BRF:0
BRH:0
end_of_record
TN:
SF:src\utils\email-templates.js
FN:1,resultReadyTemplate
FN:15,resultValidatedTemplate
FNF:2
FNH:0
FNDA:0,resultReadyTemplate
FNDA:0,resultValidatedTemplate
DA:2,0
DA:3,0
DA:4,0
DA:16,0
DA:17,0
DA:18,0
DA:30,1
LF:7
LH:1
BRDA:2,0,0,0
BRDA:2,0,1,0
BRDA:16,1,0,0
BRDA:16,1,1,0
BRF:4
BRH:0
end_of_record
TN:
SF:src\utils\mailer.js
FN:26,sendMail
FNF:1
FNH:0
FNDA:0,sendMail
DA:1,1
DA:3,1
DA:4,1
DA:6,1
DA:27,0
DA:28,0
DA:36,0
DA:37,0
DA:40,1
LF:9
LH:5
BRDA:3,0,0,1
BRDA:3,0,1,1
BRDA:26,1,0,0
BRDA:27,2,0,0
BRDA:27,2,1,0
BRF:5
BRH:2
end_of_record
TN:
SF:src\utils\password.js
FN:3,hashPassword
FN:8,comparePassword
FNF:2
FNH:0
FNDA:0,hashPassword
FNDA:0,comparePassword
DA:1,1
DA:4,0
DA:5,0
DA:9,0
DA:12,1
LF:5
LH:2
BRF:0
BRH:0
end_of_record
TN:
SF:src\utils\qr.js
FN:3,signPayload
FN:8,buildValidationURL
FN:15,verifySignature
FNF:3
FNH:0
FNDA:0,signPayload
FNDA:0,buildValidationURL
FNDA:0,verifySignature
DA:1,1
DA:4,0
DA:5,0
DA:9,0
DA:10,0
DA:11,0
DA:12,0
DA:16,0
DA:17,0
DA:18,0
DA:21,1
LF:11
LH:2
BRDA:4,0,0,0
BRDA:4,0,1,0
BRDA:9,1,0,0
BRDA:9,1,1,0
BRF:4
BRH:0
end_of_record
TN:
SF:src\utils\report-pdf.js
FN:5,composePDF
FN:36,(anonymous_1)
FN:67,generateOrderReportPDF
FN:76,generateOrderReportPDFBuffer
FN:77,(anonymous_4)
FN:81,(anonymous_5)
FN:82,(anonymous_6)
FNF:7
FNH:0
FNDA:0,composePDF
FNDA:0,(anonymous_1)
FNDA:0,generateOrderReportPDF
FNDA:0,generateOrderReportPDFBuffer
FNDA:0,(anonymous_4)
FNDA:0,(anonymous_5)
FNDA:0,(anonymous_6)
DA:1,1
DA:2,1
DA:3,1
DA:6,0
DA:7,0
DA:8,0
DA:9,0
DA:11,0
DA:12,0
DA:13,0
DA:14,0
DA:15,0
DA:17,0
DA:18,0
DA:19,0
DA:20,0
DA:21,0
DA:22,0
DA:24,0
DA:25,0
DA:26,0
DA:27,0
DA:29,0
DA:30,0
DA:31,0
DA:32,0
DA:33,0
DA:36,0
DA:38,0
DA:40,0
DA:41,0
DA:42,0
DA:43,0
DA:44,0
DA:47,0
DA:49,0
DA:51,0
DA:52,0
DA:53,0
DA:54,0
DA:56,0
DA:57,0
DA:59,0
DA:60,0
DA:61,0
DA:63,0
DA:64,0
DA:68,0
DA:69,0
DA:70,0
DA:71,0
DA:72,0
DA:73,0
DA:77,0
DA:78,0
DA:79,0
DA:80,0
DA:81,0
DA:82,0
DA:83,0
DA:84,0
DA:86,0
DA:91,1
LF:63
LH:4
BRDA:13,0,0,0
BRDA:13,0,1,0
BRDA:14,1,0,0
BRDA:14,1,1,0
BRDA:19,2,0,0
BRDA:19,2,1,0
BRDA:20,3,0,0
BRDA:20,3,1,0
BRDA:26,4,0,0
BRDA:26,4,1,0
BRDA:30,5,0,0
BRDA:30,5,1,0
BRDA:31,6,0,0
BRDA:31,6,1,0
BRDA:33,7,0,0
BRDA:33,7,1,0
BRDA:35,8,0,0
BRDA:35,8,1,0
BRDA:40,9,0,0
BRDA:40,9,1,0
BRDA:42,10,0,0
BRDA:42,10,1,0
BRDA:43,11,0,0
BRDA:43,11,1,0
BRDA:43,12,0,0
BRDA:43,12,1,0
BRDA:44,13,0,0
BRDA:44,13,1,0
BRDA:44,14,0,0
BRDA:44,14,1,0
BRDA:51,15,0,0
BRDA:51,15,1,0
BRF:32
BRH:0
end_of_record
